Compilation failed:
    source file: 'C:/Apps/Football/Football_Analyitics_App/node_modules/opencv-build/opencv/opencv/cmake/checks/cpu_avx512.cpp'
    check option: '    '
===== BUILD LOG =====
Change Dir: C:/Apps/Football/Football_Analyitics_App/node_modules/opencv-build/opencv/build/CMakeFiles/CMakeTmp

Run Build Command(s):C:/Program Files (x86)/Microsoft Visual Studio/2017/BuildTools/MSBuild/15.0/Bin/MSBuild.exe cmTC_5ba9c.vcxproj /p:Configuration=Release /p:Platform=x64 /p:VisualStudioVersion=15.0 /v:n && Microsoft (R) Build Engine version 15.9.21+g9802d43bc3 for .NET Framework
Copyright (C) Microsoft Corporation. All rights reserved.

Build started 13/03/2023 16:09:40.
Project "C:\Apps\Football\Football_Analyitics_App\node_modules\opencv-build\opencv\build\CMakeFiles\CMakeTmp\cmTC_5ba9c.vcxproj" on node 1 (default targets).
PrepareForBuild:
  Creating directory "cmTC_5ba9c.dir\Release\".
  Creating directory "C:\Apps\Football\Football_Analyitics_App\node_modules\opencv-build\opencv\build\CMakeFiles\CMakeTmp\Release\".
  Creating directory "cmTC_5ba9c.dir\Release\cmTC_5ba9c.tlog\".
InitializeBuildStatus:
  Creating "cmTC_5ba9c.dir\Release\cmTC_5ba9c.tlog\unsuccessfulbuild" because "AlwaysCreate" was specified.
ClCompile:
  C:\Program Files (x86)\Microsoft Visual Studio\2017\BuildTools\VC\Tools\MSVC\14.16.27023\bin\HostX86\x64\CL.exe /c /W3 /WX- /diagnostics:classic /O2 /Ob2 /D _MBCS /D WIN32 /D _WINDOWS /D NDEBUG /D "CMAKE_INTDIR=\"Release\"" /Gm- /EHsc /MD /GS /fp:precise /Zc:wchar_t /Zc:forScope /Zc:inline /GR /Fo"cmTC_5ba9c.dir\Release\\" /Fd"cmTC_5ba9c.dir\Release\vc141.pdb" /Gd /TP /errorReport:queue "C:\Apps\Football\Football_Analyitics_App\node_modules\opencv-build\opencv\opencv\cmake\checks\cpu_avx512.cpp"
  Microsoft (R) C/C++ Optimizing Compiler Version 19.16.27045 for x64
  Copyright (C) Microsoft Corporation.  All rights reserved.
  
  cl /c /W3 /WX- /diagnostics:classic /O2 /Ob2 /D _MBCS /D WIN32 /D _WINDOWS /D NDEBUG /D "CMAKE_INTDIR=\"Release\"" /Gm- /EHsc /MD /GS /fp:precise /Zc:wchar_t /Zc:forScope /Zc:inline /GR /Fo"cmTC_5ba9c.dir\Release\\" /Fd"cmTC_5ba9c.dir\Release\vc141.pdb" /Gd /TP /errorReport:queue "C:\Apps\Football\Football_Analyitics_App\node_modules\opencv-build\opencv\opencv\cmake\checks\cpu_avx512.cpp"
  cpu_avx512.cpp
  
C:\Apps\Football\Football_Analyitics_App\node_modules\opencv-build\opencv\opencv\cmake\checks\cpu_avx512.cpp(11): fatal error C1189: #error:  "AVX512 is not supported" [C:\Apps\Football\Football_Analyitics_App\node_modules\opencv-build\opencv\build\CMakeFiles\CMakeTmp\cmTC_5ba9c.vcxproj]
Done Building Project "C:\Apps\Football\Football_Analyitics_App\node_modules\opencv-build\opencv\build\CMakeFiles\CMakeTmp\cmTC_5ba9c.vcxproj" (default targets) -- FAILED.

Build FAILED.

"C:\Apps\Football\Football_Analyitics_App\node_modules\opencv-build\opencv\build\CMakeFiles\CMakeTmp\cmTC_5ba9c.vcxproj" (default target) (1) ->
(ClCompile target) -> 
  C:\Apps\Football\Football_Analyitics_App\node_modules\opencv-build\opencv\opencv\cmake\checks\cpu_avx512.cpp(11): fatal error C1189: #error:  "AVX512 is not supported" [C:\Apps\Football\Football_Analyitics_App\node_modules\opencv-build\opencv\build\CMakeFiles\CMakeTmp\cmTC_5ba9c.vcxproj]

    0 Warning(s)
    1 Error(s)

Time Elapsed 00:00:00.88


===== END =====

Compilation failed:
    source file: 'C:/Apps/Football/Football_Analyitics_App/node_modules/opencv-build/opencv/opencv/cmake/checks/cpu_avx512skx.cpp'
    check option: '    '
===== BUILD LOG =====
Change Dir: C:/Apps/Football/Football_Analyitics_App/node_modules/opencv-build/opencv/build/CMakeFiles/CMakeTmp

Run Build Command(s):C:/Program Files (x86)/Microsoft Visual Studio/2017/BuildTools/MSBuild/15.0/Bin/MSBuild.exe cmTC_c4be4.vcxproj /p:Configuration=Release /p:Platform=x64 /p:VisualStudioVersion=15.0 /v:n && Microsoft (R) Build Engine version 15.9.21+g9802d43bc3 for .NET Framework
Copyright (C) Microsoft Corporation. All rights reserved.

Build started 13/03/2023 16:09:42.
Project "C:\Apps\Football\Football_Analyitics_App\node_modules\opencv-build\opencv\build\CMakeFiles\CMakeTmp\cmTC_c4be4.vcxproj" on node 1 (default targets).
PrepareForBuild:
  Creating directory "cmTC_c4be4.dir\Release\".
  Creating directory "C:\Apps\Football\Football_Analyitics_App\node_modules\opencv-build\opencv\build\CMakeFiles\CMakeTmp\Release\".
  Creating directory "cmTC_c4be4.dir\Release\cmTC_c4be4.tlog\".
InitializeBuildStatus:
  Creating "cmTC_c4be4.dir\Release\cmTC_c4be4.tlog\unsuccessfulbuild" because "AlwaysCreate" was specified.
ClCompile:
  C:\Program Files (x86)\Microsoft Visual Studio\2017\BuildTools\VC\Tools\MSVC\14.16.27023\bin\HostX86\x64\CL.exe /c /W3 /WX- /diagnostics:classic /O2 /Ob2 /D _MBCS /D WIN32 /D _WINDOWS /D NDEBUG /D "CMAKE_INTDIR=\"Release\"" /Gm- /EHsc /MD /GS /fp:precise /Zc:wchar_t /Zc:forScope /Zc:inline /GR /Fo"cmTC_c4be4.dir\Release\\" /Fd"cmTC_c4be4.dir\Release\vc141.pdb" /Gd /TP /errorReport:queue "C:\Apps\Football\Football_Analyitics_App\node_modules\opencv-build\opencv\opencv\cmake\checks\cpu_avx512skx.cpp"
  Microsoft (R) C/C++ Optimizing Compiler Version 19.16.27045 for x64
  Copyright (C) Microsoft Corporation.  All rights reserved.
  
  cl /c /W3 /WX- /diagnostics:classic /O2 /Ob2 /D _MBCS /D WIN32 /D _WINDOWS /D NDEBUG /D "CMAKE_INTDIR=\"Release\"" /Gm- /EHsc /MD /GS /fp:precise /Zc:wchar_t /Zc:forScope /Zc:inline /GR /Fo"cmTC_c4be4.dir\Release\\" /Fd"cmTC_c4be4.dir\Release\vc141.pdb" /Gd /TP /errorReport:queue "C:\Apps\Football\Football_Analyitics_App\node_modules\opencv-build\opencv\opencv\cmake\checks\cpu_avx512skx.cpp"
  cpu_avx512skx.cpp
  
C:\Apps\Football\Football_Analyitics_App\node_modules\opencv-build\opencv\opencv\cmake\checks\cpu_avx512skx.cpp(15): fatal error C1189: #error:  "AVX512-SKX is not supported" [C:\Apps\Football\Football_Analyitics_App\node_modules\opencv-build\opencv\build\CMakeFiles\CMakeTmp\cmTC_c4be4.vcxproj]
Done Building Project "C:\Apps\Football\Football_Analyitics_App\node_modules\opencv-build\opencv\build\CMakeFiles\CMakeTmp\cmTC_c4be4.vcxproj" (default targets) -- FAILED.

Build FAILED.

"C:\Apps\Football\Football_Analyitics_App\node_modules\opencv-build\opencv\build\CMakeFiles\CMakeTmp\cmTC_c4be4.vcxproj" (default target) (1) ->
(ClCompile target) -> 
  C:\Apps\Football\Football_Analyitics_App\node_modules\opencv-build\opencv\opencv\cmake\checks\cpu_avx512skx.cpp(15): fatal error C1189: #error:  "AVX512-SKX is not supported" [C:\Apps\Football\Football_Analyitics_App\node_modules\opencv-build\opencv\build\CMakeFiles\CMakeTmp\cmTC_c4be4.vcxproj]

    0 Warning(s)
    1 Error(s)

Time Elapsed 00:00:00.81


===== END =====

